0 info it worked if it ends with ok
1 verbose cli [ '/usr/bin/nodejs', '/usr/bin/npm', 'start' ]
2 info using npm@3.10.10
3 info using node@v6.10.0
4 verbose run-script [ 'prestart', 'start', 'poststart' ]
5 info lifecycle pvjs@3.0.0-beta~prestart: pvjs@3.0.0-beta
6 silly lifecycle pvjs@3.0.0-beta~prestart: no script for prestart, continuing
7 info lifecycle pvjs@3.0.0-beta~start: pvjs@3.0.0-beta
8 verbose lifecycle pvjs@3.0.0-beta~start: unsafe-perm in lifecycle true
9 verbose lifecycle pvjs@3.0.0-beta~start: PATH: /usr/lib/node_modules/npm/bin/node-gyp-bin:/home/jacob/Projects/pvjs/node_modules/.bin:/home/jacob/bin:/home/jacob/.local/bin:/home/jacob/bin:/home/jacob/.local/bin:/usr/local/sbin:/usr/local/bin:/usr/sbin:/usr/bin:/sbin:/bin:/usr/games:/usr/local/games:/snap/bin:/snap/bin:/home/jacob/Android/Sdk/tools:/home/jacob/Android/Sdk/platform-tools:/home/jacob/Android/Sdk/tools:/home/jacob/Android/Sdk/platform-tools
10 verbose lifecycle pvjs@3.0.0-beta~start: CWD: /home/jacob/Projects/pvjs
11 silly lifecycle pvjs@3.0.0-beta~start: Args: [ '-c', 'npm run serve' ]
12 silly lifecycle pvjs@3.0.0-beta~start: Returned: code: 1  signal: null
13 info lifecycle pvjs@3.0.0-beta~start: Failed to exec start script
14 verbose stack Error: pvjs@3.0.0-beta start: `npm run serve`
14 verbose stack Exit status 1
14 verbose stack     at EventEmitter.<anonymous> (/usr/lib/node_modules/npm/lib/utils/lifecycle.js:255:16)
14 verbose stack     at emitTwo (events.js:106:13)
14 verbose stack     at EventEmitter.emit (events.js:191:7)
14 verbose stack     at ChildProcess.<anonymous> (/usr/lib/node_modules/npm/lib/utils/spawn.js:40:14)
14 verbose stack     at emitTwo (events.js:106:13)
14 verbose stack     at ChildProcess.emit (events.js:191:7)
14 verbose stack     at maybeClose (internal/child_process.js:877:16)
14 verbose stack     at Process.ChildProcess._handle.onexit (internal/child_process.js:226:5)
15 verbose pkgid pvjs@3.0.0-beta
16 verbose cwd /home/jacob/Projects/pvjs
17 error Linux 4.10.0-19-generic
18 error argv "/usr/bin/nodejs" "/usr/bin/npm" "start"
19 error node v6.10.0
20 error npm  v3.10.10
21 error code ELIFECYCLE
22 error pvjs@3.0.0-beta start: `npm run serve`
22 error Exit status 1
23 error Failed at the pvjs@3.0.0-beta start script 'npm run serve'.
23 error Make sure you have the latest version of node.js and npm installed.
23 error If you do, this is most likely a problem with the pvjs package,
23 error not with npm itself.
23 error Tell the author that this fails on your system:
23 error     npm run serve
23 error You can get information on how to open an issue for this project with:
23 error     npm bugs pvjs
23 error Or if that isn't available, you can get their info via:
23 error     npm owner ls pvjs
23 error There is likely additional logging output above.
24 verbose exit [ 1, true ]
